[ 2017-01-15T18:38:25+08:00 ] 127.0.0.1 /
INFO: [ app_init ] --START--
INFO: Run Behavior\BuildLiteBehavior [ RunTime:0.000054s ]
INFO: [ app_init ] --END-- [ RunTime:0.002649s ]
INFO: [ app_begin ] --START--
INFO: Run Behavior\ReadHtmlCacheBehavior [ RunTime:0.002623s ]
INFO: [ app_begin ] --END-- [ RunTime:0.003034s ]
ERR: 无法加载数据库驱动: Think\Db\Driver\

[ 2017-01-15T18:39:31+08:00 ] 127.0.0.1 /
INFO: [ app_init ] --START--
INFO: Run Behavior\BuildLiteBehavior [ RunTime:0.000050s ]
INFO: [ app_init ] --END-- [ RunTime:0.000742s ]
INFO: [ app_begin ] --START--
INFO: Run Behavior\ReadHtmlCacheBehavior [ RunTime:0.001228s ]
INFO: [ app_begin ] --END-- [ RunTime:0.001460s ]
ERR: 无法加载数据库驱动: Think\Db\Driver\

[ 2017-01-15T18:39:32+08:00 ] 127.0.0.1 /
INFO: [ app_init ] --START--
INFO: Run Behavior\BuildLiteBehavior [ RunTime:0.000049s ]
INFO: [ app_init ] --END-- [ RunTime:0.000702s ]
INFO: [ app_begin ] --START--
INFO: Run Behavior\ReadHtmlCacheBehavior [ RunTime:0.000768s ]
INFO: [ app_begin ] --END-- [ RunTime:0.000991s ]
ERR: 无法加载数据库驱动: Think\Db\Driver\

[ 2017-01-15T18:41:18+08:00 ] 127.0.0.1 /
INFO: [ app_init ] --START--
INFO: Run Behavior\BuildLiteBehavior [ RunTime:0.000042s ]
INFO: [ app_init ] --END-- [ RunTime:0.000579s ]
INFO: [ app_begin ] --START--
INFO: Run Behavior\ReadHtmlCacheBehavior [ RunTime:0.000632s ]
INFO: [ app_begin ] --END-- [ RunTime:0.000762s ]
ERR: 1146:Table 'cba.ck_user' doesn't exist
 [ SQL语句 ] : SHOW COLUMNS FROM `ck_user`
ERR: 1146:Table 'cba.ck_user' doesn't exist
 [ SQL语句 ] : SHOW COLUMNS FROM `ck_user`

[ 2017-01-15T18:41:24+08:00 ] 127.0.0.1 /
INFO: [ app_init ] --START--
INFO: Run Behavior\BuildLiteBehavior [ RunTime:0.000047s ]
INFO: [ app_init ] --END-- [ RunTime:0.000668s ]
INFO: [ app_begin ] --START--
INFO: Run Behavior\ReadHtmlCacheBehavior [ RunTime:0.000597s ]
INFO: [ app_begin ] --END-- [ RunTime:0.000753s ]
ERR: 1146:Table 'cba.ck_user' doesn't exist
 [ SQL语句 ] : SHOW COLUMNS FROM `ck_user`
ERR: 1146:Table 'cba.ck_user' doesn't exist
 [ SQL语句 ] : SHOW COLUMNS FROM `ck_user`

[ 2017-01-15T18:42:05+08:00 ] 127.0.0.1 /
INFO: [ app_init ] --START--
INFO: Run Behavior\BuildLiteBehavior [ RunTime:0.000044s ]
INFO: [ app_init ] --END-- [ RunTime:0.000767s ]
INFO: [ app_begin ] --START--
INFO: Run Behavior\ReadHtmlCacheBehavior [ RunTime:0.001916s ]
INFO: [ app_begin ] --END-- [ RunTime:0.002443s ]
ERR: 1146:Table 'cba.cba_user' doesn't exist
 [ SQL语句 ] : SHOW COLUMNS FROM `cba_user`
ERR: 1146:Table 'cba.cba_user' doesn't exist
 [ SQL语句 ] : SHOW COLUMNS FROM `cba_user`

[ 2017-01-15T18:42:06+08:00 ] 127.0.0.1 /
INFO: [ app_init ] --START--
INFO: Run Behavior\BuildLiteBehavior [ RunTime:0.000046s ]
INFO: [ app_init ] --END-- [ RunTime:0.000662s ]
INFO: [ app_begin ] --START--
INFO: Run Behavior\ReadHtmlCacheBehavior [ RunTime:0.000819s ]
INFO: [ app_begin ] --END-- [ RunTime:0.001045s ]
ERR: 1146:Table 'cba.cba_user' doesn't exist
 [ SQL语句 ] : SHOW COLUMNS FROM `cba_user`
ERR: 1146:Table 'cba.cba_user' doesn't exist
 [ SQL语句 ] : SHOW COLUMNS FROM `cba_user`

[ 2017-01-15T18:42:07+08:00 ] 127.0.0.1 /
INFO: [ app_init ] --START--
INFO: Run Behavior\BuildLiteBehavior [ RunTime:0.000037s ]
INFO: [ app_init ] --END-- [ RunTime:0.000512s ]
INFO: [ app_begin ] --START--
INFO: Run Behavior\ReadHtmlCacheBehavior [ RunTime:0.000556s ]
INFO: [ app_begin ] --END-- [ RunTime:0.000700s ]
ERR: 1146:Table 'cba.cba_user' doesn't exist
 [ SQL语句 ] : SHOW COLUMNS FROM `cba_user`
ERR: 1146:Table 'cba.cba_user' doesn't exist
 [ SQL语句 ] : SHOW COLUMNS FROM `cba_user`

[ 2017-01-15T18:43:00+08:00 ] 127.0.0.1 /
INFO: [ app_init ] --START--
INFO: Run Behavior\BuildLiteBehavior [ RunTime:0.000043s ]
INFO: [ app_init ] --END-- [ RunTime:0.000621s ]
INFO: [ app_begin ] --START--
INFO: Run Behavior\ReadHtmlCacheBehavior [ RunTime:0.000946s ]
INFO: [ app_begin ] --END-- [ RunTime:0.001214s ]
ERR: 1146:Table 'cba.cba_user' doesn't exist
 [ SQL语句 ] : SHOW COLUMNS FROM `cba_user`
ERR: 1146:Table 'cba.cba_user' doesn't exist
 [ SQL语句 ] : SHOW COLUMNS FROM `cba_user`

[ 2017-01-15T18:43:27+08:00 ] 127.0.0.1 /
INFO: [ app_init ] --START--
INFO: Run Behavior\BuildLiteBehavior [ RunTime:0.000040s ]
INFO: [ app_init ] --END-- [ RunTime:0.000633s ]
INFO: [ app_begin ] --START--
INFO: Run Behavior\ReadHtmlCacheBehavior [ RunTime:0.000746s ]
INFO: [ app_begin ] --END-- [ RunTime:0.000939s ]
INFO: [ view_parse ] --START--
INFO: [ template_filter ] --START--
INFO: Run Behavior\ContentReplaceBehavior [ RunTime:0.003267s ]
INFO: [ template_filter ] --END-- [ RunTime:0.003480s ]
INFO: Run Behavior\ParseTemplateBehavior [ RunTime:0.043074s ]
INFO: [ view_parse ] --END-- [ RunTime:0.043290s ]
INFO: [ view_filter ] --START--
INFO: Run Behavior\WriteHtmlCacheBehavior [ RunTime:0.001419s ]
INFO: [ view_filter ] --END-- [ RunTime:0.002027s ]
INFO: [ app_end ] --START--
INFO: Run Behavior\ShowPageTraceBehavior [ RunTime:0.001921s ]
INFO: [ app_end ] --END-- [ RunTime:0.002180s ]

