[ 2017-01-14T13:42:01+08:00 ] 127.0.0.1 /
INFO: [ app_init ] --START--
INFO: Run Behavior\BuildLiteBehavior [ RunTime:0.000038s ]
INFO: [ app_init ] --END-- [ RunTime:0.002505s ]
INFO: [ app_begin ] --START--
INFO: Run Behavior\ReadHtmlCacheBehavior [ RunTime:0.002067s ]
INFO: [ app_begin ] --END-- [ RunTime:0.002238s ]
SQL: SHOW COLUMNS FROM `ck_user` [ RunTime:0.0406s ]
ERR: 无法加载数据库驱动: Think\Db\Driver\

[ 2017-01-14T13:42:22+08:00 ] 127.0.0.1 /
INFO: [ app_init ] --START--
INFO: Run Behavior\BuildLiteBehavior [ RunTime:0.000035s ]
INFO: [ app_init ] --END-- [ RunTime:0.000498s ]
INFO: [ app_begin ] --START--
INFO: Run Behavior\ReadHtmlCacheBehavior [ RunTime:0.000588s ]
INFO: [ app_begin ] --END-- [ RunTime:0.000723s ]
SQL: SHOW COLUMNS FROM `ck_user` [ RunTime:0.0025s ]
ERR: 无法加载数据库驱动: Think\Db\Driver\

[ 2017-01-14T13:42:23+08:00 ] 127.0.0.1 /
INFO: [ app_init ] --START--
INFO: Run Behavior\BuildLiteBehavior [ RunTime:0.000054s ]
INFO: [ app_init ] --END-- [ RunTime:0.000670s ]
INFO: [ app_begin ] --START--
INFO: Run Behavior\ReadHtmlCacheBehavior [ RunTime:0.000437s ]
INFO: [ app_begin ] --END-- [ RunTime:0.000594s ]
SQL: SHOW COLUMNS FROM `ck_user` [ RunTime:0.0041s ]
ERR: 无法加载数据库驱动: Think\Db\Driver\

[ 2017-01-14T13:42:24+08:00 ] 127.0.0.1 /
INFO: [ app_init ] --START--
INFO: Run Behavior\BuildLiteBehavior [ RunTime:0.000031s ]
INFO: [ app_init ] --END-- [ RunTime:0.000547s ]
INFO: [ app_begin ] --START--
INFO: Run Behavior\ReadHtmlCacheBehavior [ RunTime:0.000901s ]
INFO: [ app_begin ] --END-- [ RunTime:0.001092s ]
SQL: SHOW COLUMNS FROM `ck_user` [ RunTime:0.0037s ]
ERR: 无法加载数据库驱动: Think\Db\Driver\

[ 2017-01-14T15:02:41+08:00 ] 127.0.0.1 /
INFO: [ app_init ] --START--
INFO: Run Behavior\BuildLiteBehavior [ RunTime:0.000038s ]
INFO: [ app_init ] --END-- [ RunTime:0.001198s ]
INFO: [ app_begin ] --START--
INFO: Run Behavior\ReadHtmlCacheBehavior [ RunTime:0.004021s ]
INFO: [ app_begin ] --END-- [ RunTime:0.004203s ]
SQL: SHOW COLUMNS FROM `ck_user` [ RunTime:0.0032s ]
ERR: 无法加载数据库驱动: Think\Db\Driver\

[ 2017-01-14T15:03:00+08:00 ] 127.0.0.1 /
INFO: [ app_init ] --START--
INFO: Run Behavior\BuildLiteBehavior [ RunTime:0.000051s ]
INFO: [ app_init ] --END-- [ RunTime:0.000788s ]
INFO: [ app_begin ] --START--
INFO: Run Behavior\ReadHtmlCacheBehavior [ RunTime:0.000860s ]
INFO: [ app_begin ] --END-- [ RunTime:0.001124s ]
SQL: SHOW COLUMNS FROM `ck_user` [ RunTime:0.0039s ]
ERR: 无法加载数据库驱动: Think\Db\Driver\

